<?xml version="1.0" encoding="UTF-8"?>
<testng-results ignored="0" total="1" passed="1" failed="0" skipped="0">
  <reporter-output>
  </reporter-output>
  <suite started-at="2023-05-27T16:02:57 IST" name="Default suite" finished-at="2023-05-27T16:02:57 IST" duration-ms="78">
    <groups>
    </groups>
    <test started-at="2023-05-27T16:02:57 IST" name="Default test" finished-at="2023-05-27T16:02:57 IST" duration-ms="78">
      <class name="com.example.Test1">
        <test-method signature="given()[pri:0, instance:com.example.Test1@5acf93bb]" started-at="2023-05-27T16:02:57 IST" name="given" finished-at="2023-05-27T16:02:57 IST" duration-ms="14" status="PASS">
          <reporter-output>
          </reporter-output>
        </test-method> <!-- given -->
      </class> <!-- com.example.Test1 -->
    </test> <!-- Default test -->
  </suite> <!-- Default suite -->
</testng-results>
